
Showing logs for build [32mcb-kubecd-environment-pr-102-84-7ngqw-1[0m stage [32mfrom-build-pack[0m and container [32mstep-credential-initializer-9ct6k[0m
{"level":"warn","ts":1576616399.575537,"logger":"fallback-logger","caller":"logging/config.go:69","msg":"Fetch GitHub commit ID from kodata failed: \"ref: refs/heads/master\" is not a valid GitHub commit ID"}
{"level":"info","ts":1576616399.5762954,"logger":"fallback-logger","caller":"creds-init/main.go:40","msg":"Credentials initialized."}

Showing logs for build [32mcb-kubecd-environment-pr-102-84-7ngqw-1[0m stage [32mfrom-build-pack[0m and container [32mstep-working-dir-initializer-2btc9[0m
{"level":"warn","ts":1576616400.627363,"logger":"fallback-logger","caller":"logging/config.go:69","msg":"Fetch GitHub commit ID from kodata failed: open /var/run/ko/HEAD: no such file or directory"}
{"level":"info","ts":1576616400.6317115,"logger":"fallback-logger","caller":"bash/main.go:65","msg":"Successfully executed command \"mkdir -p /workspace/source\""}

Showing logs for build [32mcb-kubecd-environment-pr-102-84-7ngqw-1[0m stage [32mfrom-build-pack[0m and container [32mstep-place-tools[0m

Showing logs for build [32mcb-kubecd-environment-pr-102-84-7ngqw-1[0m stage [32mfrom-build-pack[0m and container [32mstep-git-source-cb-kubecd-environment-pr-102-84-dglpm[0m
{"level":"warn","ts":1576616404.7731435,"logger":"fallback-logger","caller":"logging/config.go:69","msg":"Fetch GitHub commit ID from kodata failed: \"ref: refs/heads/master\" is not a valid GitHub commit ID"}
{"level":"info","ts":1576616407.4909048,"logger":"fallback-logger","caller":"git/git.go:102","msg":"Successfully cloned https://github.com/cb-kubecd/environment-pr-102-84-boot-vault-gke-staging.git @ master in path /workspace/source"}

Showing logs for build [32mcb-kubecd-environment-pr-102-84-7ngqw-1[0m stage [32mfrom-build-pack[0m and container [32mstep-git-merge[0m
Using SHAs from PULL_REFS=master:7bc54b95eb291269be96433eb48b1c02791f02f5,1:fd8c17e6e1e7a59f8ef1c600e92963c52301eeaa
DEBUG: ran git fetch --unshallow origin fd8c17e6e1e7a59f8ef1c600e92963c52301eeaa: 7bc54b95eb291269be96433eb48b1c02791f02f5: in 
DEBUG: ran git checkout master in 
DEBUG: ran git reset --hard 7bc54b95eb291269be96433eb48b1c02791f02f5 in 
DEBUG: ran clean --force -d . in 
DEBUG: ran git merge fd8c17e6e1e7a59f8ef1c600e92963c52301eeaa in 
Merged SHA fd8c17e6e1e7a59f8ef1c600e92963c52301eeaa with commit message 'chore: Promote bdd-spring-1576616009 to version 0.0.1' into base branch master

Showing logs for build [32mcb-kubecd-environment-pr-102-84-7ngqw-1[0m stage [32mfrom-build-pack[0m and container [32mstep-build-helm-build[0m
WARNING: No $CHART_REPOSITORY defined so using the default value of: http://jenkins-x-chartmuseum:8080
Adding missing Helm repo: storage.googleapis.com https://storage.googleapis.com/chartmuseum.jenkins-x.io
Read credentials for https://storage.googleapis.com/chartmuseum.jenkins-x.io from vault helm/repos
Successfully added Helm repository storage.googleapis.com.
Adding missing Helm repo: jenkins-x-chartmuseum http://jenkins-x-chartmuseum:8080
Read credentials for http://jenkins-x-chartmuseum:8080 from vault helm/repos
Successfully added Helm repository jenkins-x-chartmuseum.
WARNING: No $CHART_REPOSITORY defined so using the default value of: http://jenkins-x-chartmuseum:8080
Adding missing Helm repo: chartmuseum.jenkins-x.io http://chartmuseum.jenkins-x.io
Read credentials for http://chartmuseum.jenkins-x.io from vault helm/repos
Successfully added Helm repository chartmuseum.jenkins-x.io.
